{"numFailedTestSuites":1,"numFailedTests":3,"numPassedTestSuites":0,"numPassedTests":1,"numPendingTestSuites":0,"numPendingTests":0,"numRuntimeErrorTestSuites":0,"numTodoTests":0,"numTotalTestSuites":1,"numTotalTests":4,"openHandles":[],"snapshot":{"added":0,"didUpdate":false,"failure":false,"filesAdded":0,"filesRemoved":0,"filesRemovedList":[],"filesUnmatched":0,"filesUpdated":0,"matched":0,"total":0,"unchecked":0,"uncheckedKeysByFile":[],"unmatched":0,"updated":0},"startTime":1766646539337,"success":false,"testResults":[{"assertionResults":[{"ancestorTitles":["CheckoutPaymentForm"],"duration":1038,"failing":false,"failureDetails":[{},{"name":"TestingLibraryElementError"}],"failureMessages":["Error: Element type is invalid: expected a string (for built-in components) or a class/function (for composite components) but got: undefined. You likely forgot to export your component from the file it's defined in, or you might have mixed up default and named imports.\n\nCheck the render method of `PaymentFormInner`.\n    at createFiberFromTypeAndProps (D:\\Coding\\Own Code\\Lyra Fashion_Alpha\\lyra-fashion\\node_modules\\react-dom\\cjs\\react-dom-client.development.js:5021:28)\n    at createFiberFromElement (D:\\Coding\\Own Code\\Lyra Fashion_Alpha\\lyra-fashion\\node_modules\\react-dom\\cjs\\react-dom-client.development.js:5035:14)\n    at createChild (D:\\Coding\\Own Code\\Lyra Fashion_Alpha\\lyra-fashion\\node_modules\\react-dom\\cjs\\react-dom-client.development.js:6338:26)\n    at reconcileChildrenArray (D:\\Coding\\Own Code\\Lyra Fashion_Alpha\\lyra-fashion\\node_modules\\react-dom\\cjs\\react-dom-client.development.js:6670:25)\n    at reconcileChildFibersImpl (D:\\Coding\\Own Code\\Lyra Fashion_Alpha\\lyra-fashion\\node_modules\\react-dom\\cjs\\react-dom-client.development.js:6993:30)\n    at D:\\Coding\\Own Code\\Lyra Fashion_Alpha\\lyra-fashion\\node_modules\\react-dom\\cjs\\react-dom-client.development.js:7098:33\n    at reconcileChildren (D:\\Coding\\Own Code\\Lyra Fashion_Alpha\\lyra-fashion\\node_modules\\react-dom\\cjs\\react-dom-client.development.js:9701:13)\n    at beginWork (D:\\Coding\\Own Code\\Lyra Fashion_Alpha\\lyra-fashion\\node_modules\\react-dom\\cjs\\react-dom-client.development.js:12049:13)\n    at runWithFiberInDEV (D:\\Coding\\Own Code\\Lyra Fashion_Alpha\\lyra-fashion\\node_modules\\react-dom\\cjs\\react-dom-client.development.js:874:13)\n    at performUnitOfWork (D:\\Coding\\Own Code\\Lyra Fashion_Alpha\\lyra-fashion\\node_modules\\react-dom\\cjs\\react-dom-client.development.js:17641:22)\n    at workLoopSync (D:\\Coding\\Own Code\\Lyra Fashion_Alpha\\lyra-fashion\\node_modules\\react-dom\\cjs\\react-dom-client.development.js:17469:41)\n    at renderRootSync (D:\\Coding\\Own Code\\Lyra Fashion_Alpha\\lyra-fashion\\node_modules\\react-dom\\cjs\\react-dom-client.development.js:17450:11)\n    at performWorkOnRoot (D:\\Coding\\Own Code\\Lyra Fashion_Alpha\\lyra-fashion\\node_modules\\react-dom\\cjs\\react-dom-client.development.js:16583:35)\n    at performWorkOnRootViaSchedulerTask (D:\\Coding\\Own Code\\Lyra Fashion_Alpha\\lyra-fashion\\node_modules\\react-dom\\cjs\\react-dom-client.development.js:18957:7)\n    at performWorkUntilDeadline (D:\\Coding\\Own Code\\Lyra Fashion_Alpha\\lyra-fashion\\node_modules\\scheduler\\cjs\\scheduler.development.js:45:48)\n    at Timeout.task [as _onTimeout] (D:\\Coding\\Own Code\\Lyra Fashion_Alpha\\lyra-fashion\\node_modules\\jsdom\\lib\\jsdom\\browser\\Window.js:579:19)\n    at listOnTimeout (node:internal/timers:588:17)\n    at processTimers (node:internal/timers:523:7)","Error: Unable to find an element with the text: Payment Information. This could be because the text is broken up by multiple elements. In this case, you can provide a function for your text matcher to make your matcher more flexible.\n\nIgnored nodes: comments, script, style\n\u001b[36m<body>\u001b[39m\n  \u001b[36m<div />\u001b[39m\n\u001b[36m</body>\u001b[39m\n    at waitForWrapper (D:\\Coding\\Own Code\\Lyra Fashion_Alpha\\lyra-fashion\\node_modules\\@testing-library\\dom\\dist\\wait-for.js:163:27)\n    at Object.<anonymous> (D:\\Coding\\Own Code\\Lyra Fashion_Alpha\\lyra-fashion\\src\\components\\shop\\__tests__\\checkout-payment-step.test.tsx:104:18)\n    at Promise.finally.completed (D:\\Coding\\Own Code\\Lyra Fashion_Alpha\\lyra-fashion\\node_modules\\jest-circus\\build\\jestAdapterInit.js:1557:28)\n    at new Promise (<anonymous>)\n    at callAsyncCircusFn (D:\\Coding\\Own Code\\Lyra Fashion_Alpha\\lyra-fashion\\node_modules\\jest-circus\\build\\jestAdapterInit.js:1497:10)\n    at _callCircusTest (D:\\Coding\\Own Code\\Lyra Fashion_Alpha\\lyra-fashion\\node_modules\\jest-circus\\build\\jestAdapterInit.js:1007:40)\n    at _runTest (D:\\Coding\\Own Code\\Lyra Fashion_Alpha\\lyra-fashion\\node_modules\\jest-circus\\build\\jestAdapterInit.js:947:3)\n    at D:\\Coding\\Own Code\\Lyra Fashion_Alpha\\lyra-fashion\\node_modules\\jest-circus\\build\\jestAdapterInit.js:849:7\n    at _runTestsForDescribeBlock (D:\\Coding\\Own Code\\Lyra Fashion_Alpha\\lyra-fashion\\node_modules\\jest-circus\\build\\jestAdapterInit.js:862:11)\n    at _runTestsForDescribeBlock (D:\\Coding\\Own Code\\Lyra Fashion_Alpha\\lyra-fashion\\node_modules\\jest-circus\\build\\jestAdapterInit.js:857:11)\n    at run (D:\\Coding\\Own Code\\Lyra Fashion_Alpha\\lyra-fashion\\node_modules\\jest-circus\\build\\jestAdapterInit.js:761:3)\n    at runAndTransformResultsToJestFormat (D:\\Coding\\Own Code\\Lyra Fashion_Alpha\\lyra-fashion\\node_modules\\jest-circus\\build\\jestAdapterInit.js:1918:21)\n    at jestAdapter (D:\\Coding\\Own Code\\Lyra Fashion_Alpha\\lyra-fashion\\node_modules\\jest-circus\\build\\runner.js:101:19)\n    at runTestInternal (D:\\Coding\\Own Code\\Lyra Fashion_Alpha\\lyra-fashion\\node_modules\\jest-runner\\build\\index.js:275:16)\n    at runTest (D:\\Coding\\Own Code\\Lyra Fashion_Alpha\\lyra-fashion\\node_modules\\jest-runner\\build\\index.js:343:7)"],"fullName":"CheckoutPaymentForm renders the payment form elements","invocations":1,"location":null,"numPassingAsserts":0,"retryReasons":[],"startAt":1766646540228,"status":"failed","title":"renders the payment form elements"},{"ancestorTitles":["CheckoutPaymentForm"],"duration":1005,"failing":false,"failureDetails":[{},{"name":"TestingLibraryElementError"}],"failureMessages":["Error: Element type is invalid: expected a string (for built-in components) or a class/function (for composite components) but got: undefined. You likely forgot to export your component from the file it's defined in, or you might have mixed up default and named imports.\n\nCheck the render method of `PaymentFormInner`.\n    at createFiberFromTypeAndProps (D:\\Coding\\Own Code\\Lyra Fashion_Alpha\\lyra-fashion\\node_modules\\react-dom\\cjs\\react-dom-client.development.js:5021:28)\n    at createFiberFromElement (D:\\Coding\\Own Code\\Lyra Fashion_Alpha\\lyra-fashion\\node_modules\\react-dom\\cjs\\react-dom-client.development.js:5035:14)\n    at createChild (D:\\Coding\\Own Code\\Lyra Fashion_Alpha\\lyra-fashion\\node_modules\\react-dom\\cjs\\react-dom-client.development.js:6338:26)\n    at reconcileChildrenArray (D:\\Coding\\Own Code\\Lyra Fashion_Alpha\\lyra-fashion\\node_modules\\react-dom\\cjs\\react-dom-client.development.js:6670:25)\n    at reconcileChildFibersImpl (D:\\Coding\\Own Code\\Lyra Fashion_Alpha\\lyra-fashion\\node_modules\\react-dom\\cjs\\react-dom-client.development.js:6993:30)\n    at D:\\Coding\\Own Code\\Lyra Fashion_Alpha\\lyra-fashion\\node_modules\\react-dom\\cjs\\react-dom-client.development.js:7098:33\n    at reconcileChildren (D:\\Coding\\Own Code\\Lyra Fashion_Alpha\\lyra-fashion\\node_modules\\react-dom\\cjs\\react-dom-client.development.js:9701:13)\n    at beginWork (D:\\Coding\\Own Code\\Lyra Fashion_Alpha\\lyra-fashion\\node_modules\\react-dom\\cjs\\react-dom-client.development.js:12049:13)\n    at runWithFiberInDEV (D:\\Coding\\Own Code\\Lyra Fashion_Alpha\\lyra-fashion\\node_modules\\react-dom\\cjs\\react-dom-client.development.js:874:13)\n    at performUnitOfWork (D:\\Coding\\Own Code\\Lyra Fashion_Alpha\\lyra-fashion\\node_modules\\react-dom\\cjs\\react-dom-client.development.js:17641:22)\n    at workLoopSync (D:\\Coding\\Own Code\\Lyra Fashion_Alpha\\lyra-fashion\\node_modules\\react-dom\\cjs\\react-dom-client.development.js:17469:41)\n    at renderRootSync (D:\\Coding\\Own Code\\Lyra Fashion_Alpha\\lyra-fashion\\node_modules\\react-dom\\cjs\\react-dom-client.development.js:17450:11)\n    at performWorkOnRoot (D:\\Coding\\Own Code\\Lyra Fashion_Alpha\\lyra-fashion\\node_modules\\react-dom\\cjs\\react-dom-client.development.js:16583:35)\n    at performWorkOnRootViaSchedulerTask (D:\\Coding\\Own Code\\Lyra Fashion_Alpha\\lyra-fashion\\node_modules\\react-dom\\cjs\\react-dom-client.development.js:18957:7)\n    at performWorkUntilDeadline (D:\\Coding\\Own Code\\Lyra Fashion_Alpha\\lyra-fashion\\node_modules\\scheduler\\cjs\\scheduler.development.js:45:48)\n    at Timeout.task [as _onTimeout] (D:\\Coding\\Own Code\\Lyra Fashion_Alpha\\lyra-fashion\\node_modules\\jsdom\\lib\\jsdom\\browser\\Window.js:579:19)\n    at listOnTimeout (node:internal/timers:588:17)\n    at processTimers (node:internal/timers:523:7)","Error: Unable to find an element with the text: Payment Information. This could be because the text is broken up by multiple elements. In this case, you can provide a function for your text matcher to make your matcher more flexible.\n\nIgnored nodes: comments, script, style\n\u001b[36m<body>\u001b[39m\n  \u001b[36m<div />\u001b[39m\n\u001b[36m</body>\u001b[39m\n    at waitForWrapper (D:\\Coding\\Own Code\\Lyra Fashion_Alpha\\lyra-fashion\\node_modules\\@testing-library\\dom\\dist\\wait-for.js:163:27)\n    at Object.<anonymous> (D:\\Coding\\Own Code\\Lyra Fashion_Alpha\\lyra-fashion\\src\\components\\shop\\__tests__\\checkout-payment-step.test.tsx:126:18)\n    at Promise.finally.completed (D:\\Coding\\Own Code\\Lyra Fashion_Alpha\\lyra-fashion\\node_modules\\jest-circus\\build\\jestAdapterInit.js:1557:28)\n    at new Promise (<anonymous>)\n    at callAsyncCircusFn (D:\\Coding\\Own Code\\Lyra Fashion_Alpha\\lyra-fashion\\node_modules\\jest-circus\\build\\jestAdapterInit.js:1497:10)\n    at _callCircusTest (D:\\Coding\\Own Code\\Lyra Fashion_Alpha\\lyra-fashion\\node_modules\\jest-circus\\build\\jestAdapterInit.js:1007:40)\n    at _runTest (D:\\Coding\\Own Code\\Lyra Fashion_Alpha\\lyra-fashion\\node_modules\\jest-circus\\build\\jestAdapterInit.js:947:3)\n    at D:\\Coding\\Own Code\\Lyra Fashion_Alpha\\lyra-fashion\\node_modules\\jest-circus\\build\\jestAdapterInit.js:849:7\n    at _runTestsForDescribeBlock (D:\\Coding\\Own Code\\Lyra Fashion_Alpha\\lyra-fashion\\node_modules\\jest-circus\\build\\jestAdapterInit.js:862:11)\n    at _runTestsForDescribeBlock (D:\\Coding\\Own Code\\Lyra Fashion_Alpha\\lyra-fashion\\node_modules\\jest-circus\\build\\jestAdapterInit.js:857:11)\n    at run (D:\\Coding\\Own Code\\Lyra Fashion_Alpha\\lyra-fashion\\node_modules\\jest-circus\\build\\jestAdapterInit.js:761:3)\n    at runAndTransformResultsToJestFormat (D:\\Coding\\Own Code\\Lyra Fashion_Alpha\\lyra-fashion\\node_modules\\jest-circus\\build\\jestAdapterInit.js:1918:21)\n    at jestAdapter (D:\\Coding\\Own Code\\Lyra Fashion_Alpha\\lyra-fashion\\node_modules\\jest-circus\\build\\runner.js:101:19)\n    at runTestInternal (D:\\Coding\\Own Code\\Lyra Fashion_Alpha\\lyra-fashion\\node_modules\\jest-runner\\build\\index.js:275:16)\n    at runTest (D:\\Coding\\Own Code\\Lyra Fashion_Alpha\\lyra-fashion\\node_modules\\jest-runner\\build\\index.js:343:7)"],"fullName":"CheckoutPaymentForm calls onBack when back button is clicked","invocations":1,"location":null,"numPassingAsserts":0,"retryReasons":[],"startAt":1766646541267,"status":"failed","title":"calls onBack when back button is clicked"},{"ancestorTitles":["CheckoutPaymentForm"],"duration":1012,"failing":false,"failureDetails":[{"name":"TestingLibraryElementError"}],"failureMessages":["Error: Unable to find an element with the text: Payment Information. This could be because the text is broken up by multiple elements. In this case, you can provide a function for your text matcher to make your matcher more flexible.\n\nIgnored nodes: comments, script, style\n\u001b[36m<body>\u001b[39m\n  \u001b[36m<div>\u001b[39m\n    \u001b[36m<div\u001b[39m\n      \u001b[33mclass\u001b[39m=\u001b[32m\"bg-card text-card-foreground flex flex-col gap-6 rounded-xl border py-6 shadow-sm\"\u001b[39m\n      \u001b[33mdata-slot\u001b[39m=\u001b[32m\"card\"\u001b[39m\n    \u001b[36m>\u001b[39m\n      \u001b[36m<div\u001b[39m\n        \u001b[33mclass\u001b[39m=\u001b[32m\"px-6 flex justify-center items-center py-8\"\u001b[39m\n        \u001b[33mdata-slot\u001b[39m=\u001b[32m\"card-content\"\u001b[39m\n      \u001b[36m>\u001b[39m\n        \u001b[36m<div\u001b[39m\n          \u001b[33mclass\u001b[39m=\u001b[32m\"animate-spin rounded-full h-8 w-8 border-b-2 border-gray-900\"\u001b[39m\n        \u001b[36m/>\u001b[39m\n      \u001b[36m</div>\u001b[39m\n    \u001b[36m</div>\u001b[39m\n  \u001b[36m</div>\u001b[39m\n\u001b[36m</body>\u001b[39m\n    at waitForWrapper (D:\\Coding\\Own Code\\Lyra Fashion_Alpha\\lyra-fashion\\node_modules\\@testing-library\\dom\\dist\\wait-for.js:163:27)\n    at Object.<anonymous> (D:\\Coding\\Own Code\\Lyra Fashion_Alpha\\lyra-fashion\\src\\components\\shop\\__tests__\\checkout-payment-step.test.tsx:155:18)\n    at Promise.finally.completed (D:\\Coding\\Own Code\\Lyra Fashion_Alpha\\lyra-fashion\\node_modules\\jest-circus\\build\\jestAdapterInit.js:1557:28)\n    at new Promise (<anonymous>)\n    at callAsyncCircusFn (D:\\Coding\\Own Code\\Lyra Fashion_Alpha\\lyra-fashion\\node_modules\\jest-circus\\build\\jestAdapterInit.js:1497:10)\n    at _callCircusTest (D:\\Coding\\Own Code\\Lyra Fashion_Alpha\\lyra-fashion\\node_modules\\jest-circus\\build\\jestAdapterInit.js:1007:40)\n    at _runTest (D:\\Coding\\Own Code\\Lyra Fashion_Alpha\\lyra-fashion\\node_modules\\jest-circus\\build\\jestAdapterInit.js:947:3)\n    at D:\\Coding\\Own Code\\Lyra Fashion_Alpha\\lyra-fashion\\node_modules\\jest-circus\\build\\jestAdapterInit.js:849:7\n    at _runTestsForDescribeBlock (D:\\Coding\\Own Code\\Lyra Fashion_Alpha\\lyra-fashion\\node_modules\\jest-circus\\build\\jestAdapterInit.js:862:11)\n    at _runTestsForDescribeBlock (D:\\Coding\\Own Code\\Lyra Fashion_Alpha\\lyra-fashion\\node_modules\\jest-circus\\build\\jestAdapterInit.js:857:11)\n    at run (D:\\Coding\\Own Code\\Lyra Fashion_Alpha\\lyra-fashion\\node_modules\\jest-circus\\build\\jestAdapterInit.js:761:3)\n    at runAndTransformResultsToJestFormat (D:\\Coding\\Own Code\\Lyra Fashion_Alpha\\lyra-fashion\\node_modules\\jest-circus\\build\\jestAdapterInit.js:1918:21)\n    at jestAdapter (D:\\Coding\\Own Code\\Lyra Fashion_Alpha\\lyra-fashion\\node_modules\\jest-circus\\build\\runner.js:101:19)\n    at runTestInternal (D:\\Coding\\Own Code\\Lyra Fashion_Alpha\\lyra-fashion\\node_modules\\jest-runner\\build\\index.js:275:16)\n    at runTest (D:\\Coding\\Own Code\\Lyra Fashion_Alpha\\lyra-fashion\\node_modules\\jest-runner\\build\\index.js:343:7)"],"fullName":"CheckoutPaymentForm handles payment intent creation failure gracefully","invocations":1,"location":null,"numPassingAsserts":0,"retryReasons":[],"startAt":1766646542273,"status":"failed","title":"handles payment intent creation failure gracefully"},{"ancestorTitles":["CheckoutPaymentForm"],"duration":6,"failing":false,"failureDetails":[],"failureMessages":[],"fullName":"CheckoutPaymentForm validates required checkout data","invocations":1,"location":null,"numPassingAsserts":1,"retryReasons":[],"startAt":1766646543286,"status":"passed","title":"validates required checkout data"}],"endTime":1766646543303,"message":"\u001b[1m\u001b[31m  \u001b[1m● \u001b[22m\u001b[1mCheckoutPaymentForm › renders the payment form elements\u001b[39m\u001b[22m\n\n    Element type is invalid: expected a string (for built-in components) or a class/function (for composite components) but got: undefined. You likely forgot to export your component from the file it's defined in, or you might have mixed up default and named imports.\n\n    Check the render method of `PaymentFormInner`.\n\u001b[2m\u001b[22m\n\u001b[2m      \u001b[2mat createFiberFromTypeAndProps (\u001b[22m\u001b[2mnode_modules/react-dom/cjs/react-dom-client.development.js\u001b[2m:5021:28)\u001b[22m\u001b[2m\u001b[22m\n\u001b[2m      \u001b[2mat createFiberFromElement (\u001b[22m\u001b[2mnode_modules/react-dom/cjs/react-dom-client.development.js\u001b[2m:5035:14)\u001b[22m\u001b[2m\u001b[22m\n\u001b[2m      \u001b[2mat createChild (\u001b[22m\u001b[2mnode_modules/react-dom/cjs/react-dom-client.development.js\u001b[2m:6338:26)\u001b[22m\u001b[2m\u001b[22m\n\u001b[2m      \u001b[2mat reconcileChildrenArray (\u001b[22m\u001b[2mnode_modules/react-dom/cjs/react-dom-client.development.js\u001b[2m:6670:25)\u001b[22m\u001b[2m\u001b[22m\n\u001b[2m      \u001b[2mat reconcileChildFibersImpl (\u001b[22m\u001b[2mnode_modules/react-dom/cjs/react-dom-client.development.js\u001b[2m:6993:30)\u001b[22m\u001b[2m\u001b[22m\n\u001b[2m      \u001b[2mat \u001b[22m\u001b[2mnode_modules/react-dom/cjs/react-dom-client.development.js\u001b[2m:7098:33\u001b[22m\u001b[2m\u001b[22m\n\u001b[2m      \u001b[2mat reconcileChildren (\u001b[22m\u001b[2mnode_modules/react-dom/cjs/react-dom-client.development.js\u001b[2m:9701:13)\u001b[22m\u001b[2m\u001b[22m\n\u001b[2m      \u001b[2mat beginWork (\u001b[22m\u001b[2mnode_modules/react-dom/cjs/react-dom-client.development.js\u001b[2m:12049:13)\u001b[22m\u001b[2m\u001b[22m\n\u001b[2m      \u001b[2mat runWithFiberInDEV (\u001b[22m\u001b[2mnode_modules/react-dom/cjs/react-dom-client.development.js\u001b[2m:874:13)\u001b[22m\u001b[2m\u001b[22m\n\u001b[2m      \u001b[2mat performUnitOfWork (\u001b[22m\u001b[2mnode_modules/react-dom/cjs/react-dom-client.development.js\u001b[2m:17641:22)\u001b[22m\u001b[2m\u001b[22m\n\u001b[2m      \u001b[2mat workLoopSync (\u001b[22m\u001b[2mnode_modules/react-dom/cjs/react-dom-client.development.js\u001b[2m:17469:41)\u001b[22m\u001b[2m\u001b[22m\n\u001b[2m      \u001b[2mat renderRootSync (\u001b[22m\u001b[2mnode_modules/react-dom/cjs/react-dom-client.development.js\u001b[2m:17450:11)\u001b[22m\u001b[2m\u001b[22m\n\u001b[2m      \u001b[2mat performWorkOnRoot (\u001b[22m\u001b[2mnode_modules/react-dom/cjs/react-dom-client.development.js\u001b[2m:16583:35)\u001b[22m\u001b[2m\u001b[22m\n\u001b[2m      \u001b[2mat performWorkOnRootViaSchedulerTask (\u001b[22m\u001b[2mnode_modules/react-dom/cjs/react-dom-client.development.js\u001b[2m:18957:7)\u001b[22m\u001b[2m\u001b[22m\n\u001b[2m      \u001b[2mat performWorkUntilDeadline (\u001b[22m\u001b[2mnode_modules/scheduler/cjs/scheduler.development.js\u001b[2m:45:48)\u001b[22m\u001b[2m\u001b[22m\n\u001b[2m      \u001b[2mat Timeout.task [as _onTimeout] (\u001b[22m\u001b[2mnode_modules/jsdom/lib/jsdom/browser/Window.js\u001b[2m:579:19)\u001b[22m\u001b[2m\u001b[22m\n\n\u001b[1m\u001b[31m  \u001b[1m● \u001b[22m\u001b[1mCheckoutPaymentForm › renders the payment form elements\u001b[39m\u001b[22m\n\n    Unable to find an element with the text: Payment Information. This could be because the text is broken up by multiple elements. In this case, you can provide a function for your text matcher to make your matcher more flexible.\n\n    Ignored nodes: comments, script, style\n    \u001b[36m<body>\u001b[39m\n      \u001b[36m<div />\u001b[39m\n    \u001b[36m</body>\u001b[39m\n\u001b[2m\u001b[22m\n\u001b[2m    \u001b[0m \u001b[90m 102 |\u001b[39m\u001b[22m\n\u001b[2m     \u001b[90m 103 |\u001b[39m     \u001b[90m// Wait for the component to render\u001b[39m\u001b[22m\n\u001b[2m    \u001b[31m\u001b[1m>\u001b[22m\u001b[2m\u001b[39m\u001b[90m 104 |\u001b[39m     \u001b[36mawait\u001b[39m waitFor(() \u001b[33m=>\u001b[39m {\u001b[22m\n\u001b[2m     \u001b[90m     |\u001b[39m                  \u001b[31m\u001b[1m^\u001b[22m\u001b[2m\u001b[39m\u001b[22m\n\u001b[2m     \u001b[90m 105 |\u001b[39m       expect(screen\u001b[33m.\u001b[39mgetByText(\u001b[32m'Payment Information'\u001b[39m))\u001b[33m.\u001b[39mtoBeInTheDocument()\u001b[33m;\u001b[39m\u001b[22m\n\u001b[2m     \u001b[90m 106 |\u001b[39m     })\u001b[33m;\u001b[39m\u001b[22m\n\u001b[2m     \u001b[90m 107 |\u001b[39m\u001b[0m\u001b[22m\n\u001b[2m\u001b[22m\n\u001b[2m      \u001b[2mat waitForWrapper (\u001b[22m\u001b[2mnode_modules/@testing-library/dom/dist/wait-for.js\u001b[2m:163:27)\u001b[22m\u001b[2m\u001b[22m\n\u001b[2m      \u001b[2mat Object.<anonymous> (\u001b[22m\u001b[2m\u001b[0m\u001b[36msrc/components/shop/__tests__/checkout-payment-step.test.tsx\u001b[39m\u001b[0m\u001b[2m:104:18)\u001b[22m\u001b[2m\u001b[22m\n\n\u001b[1m\u001b[31m  \u001b[1m● \u001b[22m\u001b[1mCheckoutPaymentForm › calls onBack when back button is clicked\u001b[39m\u001b[22m\n\n    Element type is invalid: expected a string (for built-in components) or a class/function (for composite components) but got: undefined. You likely forgot to export your component from the file it's defined in, or you might have mixed up default and named imports.\n\n    Check the render method of `PaymentFormInner`.\n\u001b[2m\u001b[22m\n\u001b[2m      \u001b[2mat createFiberFromTypeAndProps (\u001b[22m\u001b[2mnode_modules/react-dom/cjs/react-dom-client.development.js\u001b[2m:5021:28)\u001b[22m\u001b[2m\u001b[22m\n\u001b[2m      \u001b[2mat createFiberFromElement (\u001b[22m\u001b[2mnode_modules/react-dom/cjs/react-dom-client.development.js\u001b[2m:5035:14)\u001b[22m\u001b[2m\u001b[22m\n\u001b[2m      \u001b[2mat createChild (\u001b[22m\u001b[2mnode_modules/react-dom/cjs/react-dom-client.development.js\u001b[2m:6338:26)\u001b[22m\u001b[2m\u001b[22m\n\u001b[2m      \u001b[2mat reconcileChildrenArray (\u001b[22m\u001b[2mnode_modules/react-dom/cjs/react-dom-client.development.js\u001b[2m:6670:25)\u001b[22m\u001b[2m\u001b[22m\n\u001b[2m      \u001b[2mat reconcileChildFibersImpl (\u001b[22m\u001b[2mnode_modules/react-dom/cjs/react-dom-client.development.js\u001b[2m:6993:30)\u001b[22m\u001b[2m\u001b[22m\n\u001b[2m      \u001b[2mat \u001b[22m\u001b[2mnode_modules/react-dom/cjs/react-dom-client.development.js\u001b[2m:7098:33\u001b[22m\u001b[2m\u001b[22m\n\u001b[2m      \u001b[2mat reconcileChildren (\u001b[22m\u001b[2mnode_modules/react-dom/cjs/react-dom-client.development.js\u001b[2m:9701:13)\u001b[22m\u001b[2m\u001b[22m\n\u001b[2m      \u001b[2mat beginWork (\u001b[22m\u001b[2mnode_modules/react-dom/cjs/react-dom-client.development.js\u001b[2m:12049:13)\u001b[22m\u001b[2m\u001b[22m\n\u001b[2m      \u001b[2mat runWithFiberInDEV (\u001b[22m\u001b[2mnode_modules/react-dom/cjs/react-dom-client.development.js\u001b[2m:874:13)\u001b[22m\u001b[2m\u001b[22m\n\u001b[2m      \u001b[2mat performUnitOfWork (\u001b[22m\u001b[2mnode_modules/react-dom/cjs/react-dom-client.development.js\u001b[2m:17641:22)\u001b[22m\u001b[2m\u001b[22m\n\u001b[2m      \u001b[2mat workLoopSync (\u001b[22m\u001b[2mnode_modules/react-dom/cjs/react-dom-client.development.js\u001b[2m:17469:41)\u001b[22m\u001b[2m\u001b[22m\n\u001b[2m      \u001b[2mat renderRootSync (\u001b[22m\u001b[2mnode_modules/react-dom/cjs/react-dom-client.development.js\u001b[2m:17450:11)\u001b[22m\u001b[2m\u001b[22m\n\u001b[2m      \u001b[2mat performWorkOnRoot (\u001b[22m\u001b[2mnode_modules/react-dom/cjs/react-dom-client.development.js\u001b[2m:16583:35)\u001b[22m\u001b[2m\u001b[22m\n\u001b[2m      \u001b[2mat performWorkOnRootViaSchedulerTask (\u001b[22m\u001b[2mnode_modules/react-dom/cjs/react-dom-client.development.js\u001b[2m:18957:7)\u001b[22m\u001b[2m\u001b[22m\n\u001b[2m      \u001b[2mat performWorkUntilDeadline (\u001b[22m\u001b[2mnode_modules/scheduler/cjs/scheduler.development.js\u001b[2m:45:48)\u001b[22m\u001b[2m\u001b[22m\n\u001b[2m      \u001b[2mat Timeout.task [as _onTimeout] (\u001b[22m\u001b[2mnode_modules/jsdom/lib/jsdom/browser/Window.js\u001b[2m:579:19)\u001b[22m\u001b[2m\u001b[22m\n\n\u001b[1m\u001b[31m  \u001b[1m● \u001b[22m\u001b[1mCheckoutPaymentForm › calls onBack when back button is clicked\u001b[39m\u001b[22m\n\n    Unable to find an element with the text: Payment Information. This could be because the text is broken up by multiple elements. In this case, you can provide a function for your text matcher to make your matcher more flexible.\n\n    Ignored nodes: comments, script, style\n    \u001b[36m<body>\u001b[39m\n      \u001b[36m<div />\u001b[39m\n    \u001b[36m</body>\u001b[39m\n\u001b[2m\u001b[22m\n\u001b[2m    \u001b[0m \u001b[90m 124 |\u001b[39m     )\u001b[33m;\u001b[39m\u001b[22m\n\u001b[2m     \u001b[90m 125 |\u001b[39m\u001b[22m\n\u001b[2m    \u001b[31m\u001b[1m>\u001b[22m\u001b[2m\u001b[39m\u001b[90m 126 |\u001b[39m     \u001b[36mawait\u001b[39m waitFor(() \u001b[33m=>\u001b[39m {\u001b[22m\n\u001b[2m     \u001b[90m     |\u001b[39m                  \u001b[31m\u001b[1m^\u001b[22m\u001b[2m\u001b[39m\u001b[22m\n\u001b[2m     \u001b[90m 127 |\u001b[39m       expect(screen\u001b[33m.\u001b[39mgetByText(\u001b[32m'Payment Information'\u001b[39m))\u001b[33m.\u001b[39mtoBeInTheDocument()\u001b[33m;\u001b[39m\u001b[22m\n\u001b[2m     \u001b[90m 128 |\u001b[39m     })\u001b[33m;\u001b[39m\u001b[22m\n\u001b[2m     \u001b[90m 129 |\u001b[39m\u001b[0m\u001b[22m\n\u001b[2m\u001b[22m\n\u001b[2m      \u001b[2mat waitForWrapper (\u001b[22m\u001b[2mnode_modules/@testing-library/dom/dist/wait-for.js\u001b[2m:163:27)\u001b[22m\u001b[2m\u001b[22m\n\u001b[2m      \u001b[2mat Object.<anonymous> (\u001b[22m\u001b[2m\u001b[0m\u001b[36msrc/components/shop/__tests__/checkout-payment-step.test.tsx\u001b[39m\u001b[0m\u001b[2m:126:18)\u001b[22m\u001b[2m\u001b[22m\n\n\u001b[1m\u001b[31m  \u001b[1m● \u001b[22m\u001b[1mCheckoutPaymentForm › handles payment intent creation failure gracefully\u001b[39m\u001b[22m\n\n    Unable to find an element with the text: Payment Information. This could be because the text is broken up by multiple elements. In this case, you can provide a function for your text matcher to make your matcher more flexible.\n\n    Ignored nodes: comments, script, style\n    \u001b[36m<body>\u001b[39m\n      \u001b[36m<div>\u001b[39m\n        \u001b[36m<div\u001b[39m\n          \u001b[33mclass\u001b[39m=\u001b[32m\"bg-card text-card-foreground flex flex-col gap-6 rounded-xl border py-6 shadow-sm\"\u001b[39m\n          \u001b[33mdata-slot\u001b[39m=\u001b[32m\"card\"\u001b[39m\n        \u001b[36m>\u001b[39m\n          \u001b[36m<div\u001b[39m\n            \u001b[33mclass\u001b[39m=\u001b[32m\"px-6 flex justify-center items-center py-8\"\u001b[39m\n            \u001b[33mdata-slot\u001b[39m=\u001b[32m\"card-content\"\u001b[39m\n          \u001b[36m>\u001b[39m\n            \u001b[36m<div\u001b[39m\n              \u001b[33mclass\u001b[39m=\u001b[32m\"animate-spin rounded-full h-8 w-8 border-b-2 border-gray-900\"\u001b[39m\n            \u001b[36m/>\u001b[39m\n          \u001b[36m</div>\u001b[39m\n        \u001b[36m</div>\u001b[39m\n      \u001b[36m</div>\u001b[39m\n    \u001b[36m</body>\u001b[39m\n\u001b[2m\u001b[22m\n\u001b[2m    \u001b[0m \u001b[90m 153 |\u001b[39m\u001b[22m\n\u001b[2m     \u001b[90m 154 |\u001b[39m     \u001b[90m// We can't test for toast error in this simple test, so we'll just verify the component renders\u001b[39m\u001b[22m\n\u001b[2m    \u001b[31m\u001b[1m>\u001b[22m\u001b[2m\u001b[39m\u001b[90m 155 |\u001b[39m     \u001b[36mawait\u001b[39m waitFor(() \u001b[33m=>\u001b[39m {\u001b[22m\n\u001b[2m     \u001b[90m     |\u001b[39m                  \u001b[31m\u001b[1m^\u001b[22m\u001b[2m\u001b[39m\u001b[22m\n\u001b[2m     \u001b[90m 156 |\u001b[39m       expect(screen\u001b[33m.\u001b[39mgetByText(\u001b[32m'Payment Information'\u001b[39m))\u001b[33m.\u001b[39mtoBeInTheDocument()\u001b[33m;\u001b[39m\u001b[22m\n\u001b[2m     \u001b[90m 157 |\u001b[39m     })\u001b[33m;\u001b[39m\u001b[22m\n\u001b[2m     \u001b[90m 158 |\u001b[39m   })\u001b[33m;\u001b[39m\u001b[0m\u001b[22m\n\u001b[2m\u001b[22m\n\u001b[2m      \u001b[2mat waitForWrapper (\u001b[22m\u001b[2mnode_modules/@testing-library/dom/dist/wait-for.js\u001b[2m:163:27)\u001b[22m\u001b[2m\u001b[22m\n\u001b[2m      \u001b[2mat Object.<anonymous> (\u001b[22m\u001b[2m\u001b[0m\u001b[36msrc/components/shop/__tests__/checkout-payment-step.test.tsx\u001b[39m\u001b[0m\u001b[2m:155:18)\u001b[22m\u001b[2m\u001b[22m\n","name":"D:\\Coding\\Own Code\\Lyra Fashion_Alpha\\lyra-fashion\\src\\components\\shop\\__tests__\\checkout-payment-step.test.tsx","startTime":1766646539834,"status":"failed","summary":""}],"wasInterrupted":false}
