src/components/shop/__tests__/add-to-cart-button.test.tsx(38,34): error TS2345: Argument of type '{ addItem: jest.Mock<any, any, any>; }' is not assignable to parameter of type 'CartState'.
  Type '{ addItem: Mock<any, any, any>; }' is missing the following properties from type 'CartState': items, totalItems, subtotal, isOpen, and 4 more.
src/components/shop/__tests__/cart-badge.test.tsx(18,27): error TS2345: Argument of type '{ totalItems: number; items: never[]; subtotal: number; addItem: jest.Mock<any, any, any>; updateQuantity: jest.Mock<any, any, any>; removeItem: jest.Mock<any, any, any>; clearCart: jest.Mock<...>; }' is not assignable to parameter of type 'CartState'.
  Type '{ totalItems: number; items: never[]; subtotal: number; addItem: Mock<any, any, any>; updateQuantity: Mock<any, any, any>; removeItem: Mock<any, any, any>; clearCart: Mock<...>; }' is missing the following properties from type 'CartState': isOpen, setIsOpen
src/components/shop/__tests__/cart-badge.test.tsx(52,27): error TS2345: Argument of type '{ totalItems: number; items: never[]; subtotal: number; addItem: jest.Mock<any, any, any>; updateQuantity: jest.Mock<any, any, any>; removeItem: jest.Mock<any, any, any>; clearCart: jest.Mock<...>; }' is not assignable to parameter of type 'CartState'.
  Type '{ totalItems: number; items: never[]; subtotal: number; addItem: Mock<any, any, any>; updateQuantity: Mock<any, any, any>; removeItem: Mock<any, any, any>; clearCart: Mock<...>; }' is missing the following properties from type 'CartState': isOpen, setIsOpen
src/components/shop/__tests__/cart-badge.test.tsx(86,21): error TS2740: Type '{ id: string; quantity: number; }' is missing the following properties from type 'CartItem': productId, slug, name, price, and 3 more.
src/components/shop/__tests__/cart-badge.test.tsx(118,21): error TS2740: Type '{ id: string; quantity: number; }' is missing the following properties from type 'CartItem': productId, slug, name, price, and 3 more.
src/components/shop/__tests__/cart-badge.test.tsx(150,21): error TS2740: Type '{ id: string; quantity: number; }' is missing the following properties from type 'CartItem': productId, slug, name, price, and 3 more.
src/components/shop/__tests__/cart-badge.test.tsx(186,21): error TS2740: Type '{ id: string; quantity: number; }' is missing the following properties from type 'CartItem': productId, slug, name, price, and 3 more.
